C51 COMPILER V9.00   MAIN                                                                  03/12/2015 15:42:15 PAGE 1   


C51 COMPILER V9.00, COMPILATION OF MODULE MAIN
OBJECT MODULE PLACED IN main.OBJ
COMPILER INVOKED BY: C:\Keil\C51\BIN\C51.EXE main.c BROWSE DEBUG OBJECTEXTEND

line level    source

   1          #include <reg51.h>
   2          sbit LE=P3^0;
   3          sbit _RD=P3^7;
   4          sbit _WR=P3^6;
   5          sbit s=P3^0;
   6          sbit A15=P2^7;
   7          sbit A12=P2^4;
   8          unsigned char code DSY_CODE[]={0xc0,0xf9,0xa4,0xb0,0x99,0x92,0x82,0xf8,0x80,0x90,0xbf};
   9          unsigned char Time_Buff[8]={4,3,10,2,1,10,2,1};
  10          void DelayMs(unsigned int x)
  11          {
  12   1              unsigned char j;
  13   1              while(x!=0)
  14   1              {
  15   2                      x--;
  16   2                      for(j=0;j<116;j++);
  17   2              }
  18   1      }
  19          int main()
  20          {
  21   1              P2=0x33;
  22   1              P0=0xf0;
  23   1      }
*** WARNING C290 IN LINE 23 OF MAIN.C: missing return value


MODULE INFORMATION:   STATIC OVERLAYABLE
   CODE SIZE        =     28    ----
   CONSTANT SIZE    =     11    ----
   XDATA SIZE       =   ----    ----
   PDATA SIZE       =   ----    ----
   DATA SIZE        =      8    ----
   IDATA SIZE       =   ----    ----
   BIT SIZE         =   ----    ----
END OF MODULE INFORMATION.


C51 COMPILATION COMPLETE.  1 WARNING(S),  0 ERROR(S)
