C51 COMPILER V9.00   MAIN                                                                  03/17/2015 20:39:45 PAGE 1   


C51 COMPILER V9.00, COMPILATION OF MODULE MAIN
OBJECT MODULE PLACED IN main.OBJ
COMPILER INVOKED BY: C:\Keil\C51\BIN\C51.EXE main.c BROWSE DEBUG OBJECTEXTEND

line level    source

   1          #define uchar unsigned char 
   2          #define lcd P1
   3          #include <reg51.h>
   4          #include <ZH.h>
   5          sbit cs1 = P2^3; //换位了cs1和cs2
   6          sbit cs2 = P2^4;
   7          sbit rw = P2^1;
   8          sbit rs = P2^2;
   9          sbit e= P2^0;
  10          sbit busy=ACC^7;//按列取，且字符是倒着的，第二排是第一排的，
  11          uchar code huan[32]={0x24,0x12,0x07,0x10,0x17,0x14,0x14,0x17,0x10,0x3F,0x10,0x00,0x20,0xF8,0x00,0x00,
  12          0xC0,0x40,0x40,0xC8,0x08,0xF8,0x00,0x00
  13          };
  14          uchar code ying[32]={0x40,0x41,0xCE,0x04,0x00,0xFC,0x04,0x02,0x02,0xFC,0x04,0x04,0x04,0xFC,0x00,0x00,
  15          0x40,0x20,0x1F,0x20,0x40,0x47,0x42,0x41,0x40,0x5F,0x40,0x42,0x44,0x43,0x40,0x00,
  16          };
  17          uchar code guang[32]={
  18          0x04,0x40,0x04,0x40,0x04,0x40,0x08,0x42,0x08,0x42,0x10,0x42,0x20,0x3E,0x40,0x00,0x01,0x00,0x21,0x10,0x19,0
             -x18,0x0D,0x10,0x09,0x20,0x01,0x04,0x7F,0xFE,0x04,0x40,
  19          };
  20          uchar code lin[32]={0x00,0xF8,0x00,0x00,0xFE,0x40,0x30,0x8F,0x0A,0x08,0x18,0x68,0x08,0x88,0x08,0x00,
  21          0x00,0x1F,0x00,0x00,0x7F,0x00,0x00,0x7F,0x21,0x21,0x3F,0x21,0x21,0x7F,0x01,0x00
  22          };
  23          void lcd_mwcode(uchar i) //输入控制字，
  24          {
  25   1              rw=1;
  26   1              rs=0;
  27   1              lcd=0;
  28   1              e=1;
  29   1              do{
  30   2                      ACC=lcd; //是否忙
  31   2                      e=0;
  32   2              }while(busy);
  33   1              rw=0;
  34   1              lcd=i;
  35   1              e=1;
  36   1              e=0;
  37   1      }
  38          void lcd_mwdata(uchar i)//输入数据，
  39          {
  40   1              rw=1;
  41   1              rs=0;
  42   1              lcd=0;
  43   1              e=1;
  44   1              do{
  45   2                      ACC=lcd;
  46   2                      e=0;
  47   2              }while(busy);
  48   1              rw=0;
  49   1              rs=1;
  50   1              lcd=i;
  51   1              e=1;
  52   1              e=0;
  53   1      }
  54          void setpos(uchar row , uchar col)
C51 COMPILER V9.00   MAIN                                                                  03/17/2015 20:39:45 PAGE 2   

  55          {//选择行，列，
  56   1              lcd_mwcode(0xb8+row);
  57   1              lcd_mwcode(0x40+col); 
  58   1      }
  59          
  60          void lcd_init(void)//初始化
  61          {
  62   1              lcd_mwcode(0xc0);
  63   1              lcd_mwcode(0x3f);
  64   1      }
  65          void disp1(uchar code *hz)//显示汉字上半区，
  66          {
  67   1              uchar i;
  68   1              for(i=0;i<16;i++)
  69   1                      lcd_mwdata(*(hz+i));
  70   1      }
  71          void disp2(uchar code *hz)//显示汉字下半区 ，
  72          {
  73   1              uchar i;
  74   1              for(i=16;i<32;i++)
  75   1                      lcd_mwdata(*(hz+i));
  76   1      }
  77          void select(uchar x)
  78          {       
  79   1              switch(x)
  80   1              {
  81   2                      case 1:cs1=0;cs2=1;break; //左屏，
  82   2                      case 2:cs1=1;cs2=0;break; //右屏，
  83   2                      default :cs2=0;cs2=0;
  84   2              }
  85   1      }
  86          void main()
  87          { 
  88   1              lcd_init();//初始化
  89   1              select(2);//选择左屏
  90   1              setpos(0,10);
  91   1              disp1(&huan);
  92   1              disp1(&ying);
  93   1      
  94   1              setpos(1,10);//下一页
  95   1              disp2(&huan);
  96   1              disp2(&ying);
  97   1              select(2);//选择右屏
  98   1              setpos(2,5);
  99   1              disp1(&guang);  
 100   1              disp1(&lin);
 101   1              setpos(3,5);//下一页
 102   1              disp2(&guang);
 103   1              disp2(&lin);
 104   1      }


MODULE INFORMATION:   STATIC OVERLAYABLE
   CODE SIZE        =    233    ----
   CONSTANT SIZE    =    128    ----
   XDATA SIZE       =   ----    ----
   PDATA SIZE       =   ----    ----
   DATA SIZE        =     64    ----
   IDATA SIZE       =   ----    ----
   BIT SIZE         =   ----    ----
END OF MODULE INFORMATION.


C51 COMPILATION COMPLETE.  0 WARNING(S),  0 ERROR(S)
